<?xml version="1.0" encoding="UTF-8"?>
<!-- Generated by org.testng.reporters.JUnitReportReporter -->
<testsuite hostname="uffizio-virtual-machine" failures="0" tests="24" name="runner.Runner" time="23.620" errors="24" timestamp="2024-09-17T13:17:19 UTC" skipped="0">
  <testcase classname="runner.Runner" name="runScenario" time="1.017">
    <error message="Cannot invoke &quot;org.openqa.selenium.WebDriver.switchTo()&quot; because the return value of &quot;driverFactory.DriverFactory.getDriver()&quot; is null" type="java.lang.NullPointerException">
      <![CDATA[java.lang.NullPointerException: Cannot invoke "org.openqa.selenium.WebDriver.switchTo()" because the return value of "driverFactory.DriverFactory.getDriver()" is null
at utilities.IframesOfApplication.Switch_To_divframe(IframesOfApplication.java:15)
at stepDefinationActivityReport.StepTravelReport.click_on_module(StepTravelReport.java:54)
at ✽.Click on "<Module>" Module(file:///home/uffizio/eclipse-workspace/TestAutomationTrakzee2/src/test/resources/Report%20Module/Activity/TravelReport.feature:216)
]]>
    </error>
  </testcase> <!-- runScenario -->
  <testcase classname="runner.Runner" name="runScenario" time="1.013">
    <error message="Cannot invoke &quot;org.openqa.selenium.WebDriver.switchTo()&quot; because the return value of &quot;driverFactory.DriverFactory.getDriver()&quot; is null" type="java.lang.NullPointerException">
      <![CDATA[java.lang.NullPointerException: Cannot invoke "org.openqa.selenium.WebDriver.switchTo()" because the return value of "driverFactory.DriverFactory.getDriver()" is null
at utilities.IframesOfApplication.Switch_To_divframe(IframesOfApplication.java:15)
at stepDefinationActivityReport.StepTravelReport.click_on_module(StepTravelReport.java:54)
at ✽.Click on "<Module>" Module(file:///home/uffizio/eclipse-workspace/TestAutomationTrakzee2/src/test/resources/Report%20Module/Activity/TravelReport.feature:361)
]]>
    </error>
  </testcase> <!-- runScenario -->
  <testcase classname="runner.Runner" name="runScenario" time="1.013">
    <error message="Cannot invoke &quot;org.openqa.selenium.WebDriver.switchTo()&quot; because the return value of &quot;driverFactory.DriverFactory.getDriver()&quot; is null" type="java.lang.NullPointerException">
      <![CDATA[java.lang.NullPointerException: Cannot invoke "org.openqa.selenium.WebDriver.switchTo()" because the return value of "driverFactory.DriverFactory.getDriver()" is null
at utilities.IframesOfApplication.Switch_To_divframe(IframesOfApplication.java:15)
at stepDefinationActivityReport.StepTravelReport.click_on_module(StepTravelReport.java:54)
at ✽.Click on "<Module>" Module(file:///home/uffizio/eclipse-workspace/TestAutomationTrakzee2/src/test/resources/Report%20Module/Activity/TravelReport.feature:361)
]]>
    </error>
  </testcase> <!-- runScenario -->
  <testcase classname="runner.Runner" name="runScenario" time="1.037">
    <error message="Cannot invoke &quot;org.openqa.selenium.WebDriver.switchTo()&quot; because the return value of &quot;driverFactory.DriverFactory.getDriver()&quot; is null" type="java.lang.NullPointerException">
      <![CDATA[java.lang.NullPointerException: Cannot invoke "org.openqa.selenium.WebDriver.switchTo()" because the return value of "driverFactory.DriverFactory.getDriver()" is null
at utilities.IframesOfApplication.Switch_To_divframe(IframesOfApplication.java:15)
at stepDefinationActivityReport.StepTravelReport.click_on_module(StepTravelReport.java:54)
at ✽.Click on "<Module>" Module(file:///home/uffizio/eclipse-workspace/TestAutomationTrakzee2/src/test/resources/Report%20Module/Activity/TravelReport.feature:25)
]]>
    </error>
  </testcase> <!-- runScenario -->
  <testcase classname="runner.Runner" name="runScenario" time="1.028">
    <error message="Cannot invoke &quot;org.openqa.selenium.WebDriver.switchTo()&quot; because the return value of &quot;driverFactory.DriverFactory.getDriver()&quot; is null" type="java.lang.NullPointerException">
      <![CDATA[java.lang.NullPointerException: Cannot invoke "org.openqa.selenium.WebDriver.switchTo()" because the return value of "driverFactory.DriverFactory.getDriver()" is null
at utilities.IframesOfApplication.Switch_To_divframe(IframesOfApplication.java:15)
at stepDefinationActivityReport.StepTravelReport.click_on_module(StepTravelReport.java:54)
at ✽.Click on "<Module>" Module(file:///home/uffizio/eclipse-workspace/TestAutomationTrakzee2/src/test/resources/Report%20Module/Activity/TravelReport.feature:171)
]]>
    </error>
  </testcase> <!-- runScenario -->
  <testcase classname="runner.Runner" name="runScenario" time="1.017">
    <error message="Cannot invoke &quot;org.openqa.selenium.WebDriver.switchTo()&quot; because the return value of &quot;driverFactory.DriverFactory.getDriver()&quot; is null" type="java.lang.NullPointerException">
      <![CDATA[java.lang.NullPointerException: Cannot invoke "org.openqa.selenium.WebDriver.switchTo()" because the return value of "driverFactory.DriverFactory.getDriver()" is null
at utilities.IframesOfApplication.Switch_To_divframe(IframesOfApplication.java:15)
at stepDefinationActivityReport.StepTravelReport.click_on_module(StepTravelReport.java:54)
at ✽.Click on "<Module>" Module(file:///home/uffizio/eclipse-workspace/TestAutomationTrakzee2/src/test/resources/Report%20Module/Activity/TravelReport.feature:382)
]]>
    </error>
  </testcase> <!-- runScenario -->
  <testcase classname="runner.Runner" name="runScenario" time="1.038">
    <error message="Cannot invoke &quot;org.openqa.selenium.WebDriver.switchTo()&quot; because the return value of &quot;driverFactory.DriverFactory.getDriver()&quot; is null" type="java.lang.NullPointerException">
      <![CDATA[java.lang.NullPointerException: Cannot invoke "org.openqa.selenium.WebDriver.switchTo()" because the return value of "driverFactory.DriverFactory.getDriver()" is null
at utilities.IframesOfApplication.Switch_To_divframe(IframesOfApplication.java:15)
at stepDefinationActivityReport.StepTravelReport.click_on_module(StepTravelReport.java:54)
at ✽.Click on "<Module>" Module(file:///home/uffizio/eclipse-workspace/TestAutomationTrakzee2/src/test/resources/Report%20Module/Activity/TravelReport.feature:53)
]]>
    </error>
  </testcase> <!-- runScenario -->
  <testcase classname="runner.Runner" name="runScenario" time="1.016">
    <error message="Cannot invoke &quot;org.openqa.selenium.WebDriver.switchTo()&quot; because the return value of &quot;driverFactory.DriverFactory.getDriver()&quot; is null" type="java.lang.NullPointerException">
      <![CDATA[java.lang.NullPointerException: Cannot invoke "org.openqa.selenium.WebDriver.switchTo()" because the return value of "driverFactory.DriverFactory.getDriver()" is null
at utilities.IframesOfApplication.Switch_To_divframe(IframesOfApplication.java:15)
at stepDefinationActivityReport.StepTravelReport.click_on_module(StepTravelReport.java:54)
at ✽.Click on "<Module>" Module(file:///home/uffizio/eclipse-workspace/TestAutomationTrakzee2/src/test/resources/Report%20Module/Activity/TravelReport.feature:171)
]]>
    </error>
  </testcase> <!-- runScenario -->
  <testcase classname="runner.Runner" name="runScenario" time="1.014">
    <error message="Cannot invoke &quot;org.openqa.selenium.WebDriver.switchTo()&quot; because the return value of &quot;driverFactory.DriverFactory.getDriver()&quot; is null" type="java.lang.NullPointerException">
      <![CDATA[java.lang.NullPointerException: Cannot invoke "org.openqa.selenium.WebDriver.switchTo()" because the return value of "driverFactory.DriverFactory.getDriver()" is null
at utilities.IframesOfApplication.Switch_To_divframe(IframesOfApplication.java:15)
at stepDefinationActivityReport.StepTravelReport.click_on_module(StepTravelReport.java:54)
at ✽.Click on "<Module>" Module(file:///home/uffizio/eclipse-workspace/TestAutomationTrakzee2/src/test/resources/Report%20Module/Activity/TravelReport.feature:295)
]]>
    </error>
  </testcase> <!-- runScenario -->
  <testcase classname="runner.Runner" name="runScenario" time="1.015">
    <error message="Cannot invoke &quot;org.openqa.selenium.WebDriver.switchTo()&quot; because the return value of &quot;driverFactory.DriverFactory.getDriver()&quot; is null" type="java.lang.NullPointerException">
      <![CDATA[java.lang.NullPointerException: Cannot invoke "org.openqa.selenium.WebDriver.switchTo()" because the return value of "driverFactory.DriverFactory.getDriver()" is null
at utilities.IframesOfApplication.Switch_To_divframe(IframesOfApplication.java:15)
at stepDefinationActivityReport.StepTravelReport.click_on_module(StepTravelReport.java:54)
at ✽.Click on "<Module>" Module(file:///home/uffizio/eclipse-workspace/TestAutomationTrakzee2/src/test/resources/Report%20Module/Activity/TravelReport.feature:313)
]]>
    </error>
  </testcase> <!-- runScenario -->
  <testcase classname="runner.Runner" name="runScenario" time="1.016">
    <error message="Cannot invoke &quot;org.openqa.selenium.WebDriver.switchTo()&quot; because the return value of &quot;driverFactory.DriverFactory.getDriver()&quot; is null" type="java.lang.NullPointerException">
      <![CDATA[java.lang.NullPointerException: Cannot invoke "org.openqa.selenium.WebDriver.switchTo()" because the return value of "driverFactory.DriverFactory.getDriver()" is null
at utilities.IframesOfApplication.Switch_To_divframe(IframesOfApplication.java:15)
at stepDefinationActivityReport.StepTravelReport.click_on_module(StepTravelReport.java:54)
at ✽.Click on "<Module>" Module(file:///home/uffizio/eclipse-workspace/TestAutomationTrakzee2/src/test/resources/Report%20Module/Activity/TravelReport.feature:133)
]]>
    </error>
  </testcase> <!-- runScenario -->
  <testcase classname="runner.Runner" name="runScenario" time="1.016">
    <error message="Cannot invoke &quot;org.openqa.selenium.WebDriver.switchTo()&quot; because the return value of &quot;driverFactory.DriverFactory.getDriver()&quot; is null" type="java.lang.NullPointerException">
      <![CDATA[java.lang.NullPointerException: Cannot invoke "org.openqa.selenium.WebDriver.switchTo()" because the return value of "driverFactory.DriverFactory.getDriver()" is null
at utilities.IframesOfApplication.Switch_To_divframe(IframesOfApplication.java:15)
at stepDefinationActivityReport.StepTravelReport.click_on_module(StepTravelReport.java:54)
at ✽.Click on "<Module>" Module(file:///home/uffizio/eclipse-workspace/TestAutomationTrakzee2/src/test/resources/Report%20Module/Activity/TravelReport.feature:113)
]]>
    </error>
  </testcase> <!-- runScenario -->
  <testcase classname="runner.Runner" name="runScenario" time="1.017">
    <error message="Cannot invoke &quot;org.openqa.selenium.WebDriver.switchTo()&quot; because the return value of &quot;driverFactory.DriverFactory.getDriver()&quot; is null" type="java.lang.NullPointerException">
      <![CDATA[java.lang.NullPointerException: Cannot invoke "org.openqa.selenium.WebDriver.switchTo()" because the return value of "driverFactory.DriverFactory.getDriver()" is null
at utilities.IframesOfApplication.Switch_To_divframe(IframesOfApplication.java:15)
at stepDefinationActivityReport.StepTravelReport.click_on_module(StepTravelReport.java:54)
at ✽.Click on "<Module>" Module(file:///home/uffizio/eclipse-workspace/TestAutomationTrakzee2/src/test/resources/Report%20Module/Activity/TravelReport.feature:254)
]]>
    </error>
  </testcase> <!-- runScenario -->
  <testcase classname="runner.Runner" name="runScenario" time="1.031">
    <error message="Cannot invoke &quot;org.openqa.selenium.WebDriver.switchTo()&quot; because the return value of &quot;driverFactory.DriverFactory.getDriver()&quot; is null" type="java.lang.NullPointerException">
      <![CDATA[java.lang.NullPointerException: Cannot invoke "org.openqa.selenium.WebDriver.switchTo()" because the return value of "driverFactory.DriverFactory.getDriver()" is null
at utilities.IframesOfApplication.Switch_To_divframe(IframesOfApplication.java:15)
at stepDefinationActivityReport.StepTravelReport.click_on_module(StepTravelReport.java:54)
at ✽.Click on "<Module>" Module(file:///home/uffizio/eclipse-workspace/TestAutomationTrakzee2/src/test/resources/Report%20Module/Activity/TravelReport.feature:68)
]]>
    </error>
  </testcase> <!-- runScenario -->
  <testcase classname="runner.Runner" name="runScenario" time="1.011">
    <error message="Cannot invoke &quot;org.openqa.selenium.WebDriver.switchTo()&quot; because the return value of &quot;driverFactory.DriverFactory.getDriver()&quot; is null" type="java.lang.NullPointerException">
      <![CDATA[java.lang.NullPointerException: Cannot invoke "org.openqa.selenium.WebDriver.switchTo()" because the return value of "driverFactory.DriverFactory.getDriver()" is null
at utilities.IframesOfApplication.Switch_To_divframe(IframesOfApplication.java:15)
at stepDefinationActivityReport.StepTravelReport.click_on_module(StepTravelReport.java:54)
at ✽.Click on "<Module>" Module(file:///home/uffizio/eclipse-workspace/TestAutomationTrakzee2/src/test/resources/Report%20Module/Activity/TravelReport.feature:348)
]]>
    </error>
  </testcase> <!-- runScenario -->
  <testcase classname="runner.Runner" name="runScenario" time="1.017">
    <error message="Cannot invoke &quot;org.openqa.selenium.WebDriver.switchTo()&quot; because the return value of &quot;driverFactory.DriverFactory.getDriver()&quot; is null" type="java.lang.NullPointerException">
      <![CDATA[java.lang.NullPointerException: Cannot invoke "org.openqa.selenium.WebDriver.switchTo()" because the return value of "driverFactory.DriverFactory.getDriver()" is null
at utilities.IframesOfApplication.Switch_To_divframe(IframesOfApplication.java:15)
at stepDefinationActivityReport.StepTravelReport.click_on_module(StepTravelReport.java:54)
at ✽.Click on "<Module>" Module(file:///home/uffizio/eclipse-workspace/TestAutomationTrakzee2/src/test/resources/Report%20Module/Activity/TravelReport.feature:361)
]]>
    </error>
  </testcase> <!-- runScenario -->
  <testcase classname="runner.Runner" name="runScenario" time="0.099">
    <error message="Cannot invoke &quot;org.openqa.selenium.WebDriver.manage()&quot; because the return value of &quot;driverFactory.DriverFactory.getDriver()&quot; is null" type="java.lang.NullPointerException">
      <![CDATA[java.lang.NullPointerException: Cannot invoke "org.openqa.selenium.WebDriver.manage()" because the return value of "driverFactory.DriverFactory.getDriver()" is null
at driverFactory.DriverFactory.init_driver(DriverFactory.java:55)
at appHooks.ApplicationHooks.launchBrowser(ApplicationHooks.java:42)
]]>
    </error>
  </testcase> <!-- runScenario -->
  <testcase classname="runner.Runner" name="runScenario" time="1.036">
    <error message="Cannot invoke &quot;org.openqa.selenium.WebDriver.switchTo()&quot; because the return value of &quot;driverFactory.DriverFactory.getDriver()&quot; is null" type="java.lang.NullPointerException">
      <![CDATA[java.lang.NullPointerException: Cannot invoke "org.openqa.selenium.WebDriver.switchTo()" because the return value of "driverFactory.DriverFactory.getDriver()" is null
at utilities.IframesOfApplication.Switch_To_divframe(IframesOfApplication.java:15)
at stepDefinationActivityReport.StepTravelReport.click_on_module(StepTravelReport.java:54)
at ✽.Click on "<Module>" Module(file:///home/uffizio/eclipse-workspace/TestAutomationTrakzee2/src/test/resources/Report%20Module/Activity/TravelReport.feature:254)
]]>
    </error>
  </testcase> <!-- runScenario -->
  <testcase classname="runner.Runner" name="runScenario" time="1.020">
    <error message="Cannot invoke &quot;org.openqa.selenium.WebDriver.switchTo()&quot; because the return value of &quot;driverFactory.DriverFactory.getDriver()&quot; is null" type="java.lang.NullPointerException">
      <![CDATA[java.lang.NullPointerException: Cannot invoke "org.openqa.selenium.WebDriver.switchTo()" because the return value of "driverFactory.DriverFactory.getDriver()" is null
at utilities.IframesOfApplication.Switch_To_divframe(IframesOfApplication.java:15)
at stepDefinationActivityReport.StepTravelReport.click_on_module(StepTravelReport.java:54)
at ✽.Click on "<Module>" Module(file:///home/uffizio/eclipse-workspace/TestAutomationTrakzee2/src/test/resources/Report%20Module/Activity/TravelReport.feature:78)
]]>
    </error>
  </testcase> <!-- runScenario -->
  <testcase classname="runner.Runner" name="runScenario" time="1.033">
    <error message="Cannot invoke &quot;org.openqa.selenium.WebDriver.switchTo()&quot; because the return value of &quot;driverFactory.DriverFactory.getDriver()&quot; is null" type="java.lang.NullPointerException">
      <![CDATA[java.lang.NullPointerException: Cannot invoke "org.openqa.selenium.WebDriver.switchTo()" because the return value of "driverFactory.DriverFactory.getDriver()" is null
at utilities.IframesOfApplication.Switch_To_divframe(IframesOfApplication.java:15)
at stepDefinationActivityReport.StepTravelReport.click_on_module(StepTravelReport.java:54)
at ✽.Click on "<Module>" Module(file:///home/uffizio/eclipse-workspace/TestAutomationTrakzee2/src/test/resources/Report%20Module/Activity/TravelReport.feature:39)
]]>
    </error>
  </testcase> <!-- runScenario -->
  <testcase classname="runner.Runner" name="runScenario" time="1.064">
    <error message="Cannot invoke &quot;org.openqa.selenium.WebDriver.switchTo()&quot; because the return value of &quot;driverFactory.DriverFactory.getDriver()&quot; is null" type="java.lang.NullPointerException">
      <![CDATA[java.lang.NullPointerException: Cannot invoke "org.openqa.selenium.WebDriver.switchTo()" because the return value of "driverFactory.DriverFactory.getDriver()" is null
at utilities.IframesOfApplication.Switch_To_divframe(IframesOfApplication.java:15)
at stepDefinationActivityReport.StepTravelReport.click_on_module(StepTravelReport.java:54)
at ✽.Click on "<Module>" Module(file:///home/uffizio/eclipse-workspace/TestAutomationTrakzee2/src/test/resources/Report%20Module/Activity/TravelReport.feature:17)
]]>
    </error>
  </testcase> <!-- runScenario -->
  <testcase classname="runner.Runner" name="runScenario" time="1.014">
    <error message="Cannot invoke &quot;org.openqa.selenium.WebDriver.switchTo()&quot; because the return value of &quot;driverFactory.DriverFactory.getDriver()&quot; is null" type="java.lang.NullPointerException">
      <![CDATA[java.lang.NullPointerException: Cannot invoke "org.openqa.selenium.WebDriver.switchTo()" because the return value of "driverFactory.DriverFactory.getDriver()" is null
at utilities.IframesOfApplication.Switch_To_divframe(IframesOfApplication.java:15)
at stepDefinationActivityReport.StepTravelReport.click_on_module(StepTravelReport.java:54)
at ✽.Click on "<Module>" Module(file:///home/uffizio/eclipse-workspace/TestAutomationTrakzee2/src/test/resources/Report%20Module/Activity/TravelReport.feature:113)
]]>
    </error>
  </testcase> <!-- runScenario -->
  <testcase classname="runner.Runner" name="runScenario" time="1.018">
    <error message="Cannot invoke &quot;org.openqa.selenium.WebDriver.switchTo()&quot; because the return value of &quot;driverFactory.DriverFactory.getDriver()&quot; is null" type="java.lang.NullPointerException">
      <![CDATA[java.lang.NullPointerException: Cannot invoke "org.openqa.selenium.WebDriver.switchTo()" because the return value of "driverFactory.DriverFactory.getDriver()" is null
at utilities.IframesOfApplication.Switch_To_divframe(IframesOfApplication.java:15)
at stepDefinationActivityReport.StepTravelReport.click_on_module(StepTravelReport.java:54)
at ✽.Click on "<Module>" Module(file:///home/uffizio/eclipse-workspace/TestAutomationTrakzee2/src/test/resources/Report%20Module/Activity/TravelReport.feature:95)
]]>
    </error>
  </testcase> <!-- runScenario -->
  <testcase classname="runner.Runner" name="runScenario" time="1.020">
    <error message="Cannot invoke &quot;org.openqa.selenium.WebDriver.switchTo()&quot; because the return value of &quot;driverFactory.DriverFactory.getDriver()&quot; is null" type="java.lang.NullPointerException">
      <![CDATA[java.lang.NullPointerException: Cannot invoke "org.openqa.selenium.WebDriver.switchTo()" because the return value of "driverFactory.DriverFactory.getDriver()" is null
at utilities.IframesOfApplication.Switch_To_divframe(IframesOfApplication.java:15)
at stepDefinationActivityReport.StepTravelReport.click_on_module(StepTravelReport.java:54)
at ✽.Click on "<Module>" Module(file:///home/uffizio/eclipse-workspace/TestAutomationTrakzee2/src/test/resources/Report%20Module/Activity/TravelReport.feature:133)
]]>
    </error>
  </testcase> <!-- runScenario -->
</testsuite> <!-- runner.Runner -->
